<?xml version="1.0" encoding="UTF-8"?>
<!-- Generated by org.testng.reporters.JUnitXMLReporter -->
<testsuite ignored="0" hostname="DESKTOP-QQ2F0N4" failures="0" tests="6" name="chromeTest" time="110.717" errors="0" timestamp="2022-09-26T21:57:53 GMT-07:00">
  <testcase classname="TestPack.VerifyServicePage" name="VerifyEUCanClickOnRefund" time="12.372"/>
  <testcase classname="TestPack.VerifyServicePage" name="VerifyEUCanClickOnYourOrder" time="4.26"/>
  <testcase classname="TestPack.VerifyTestCasesOnMobileAndAccePage" name="VerifyEUCanClickOnCablesField" time="5.718"/>
  <testcase classname="TestPack.VerifyLanguageSelectionOnBooksPage" name="VerifyEUCanSelectMarathiBooks" time="5.668"/>
  <testcase classname="TestPack.VerifyLanguageSelectionOnBooksPage" name="VerifyEUCanSelectHindiBooks" time="3.45"/>
  <testcase classname="TestPack.VerifyLanguageSelectionOnBooksPage" name="VerifyEUCanSelectEnglishBooks" time="2.433"/>
</testsuite> <!-- chromeTest -->
