<?xml version="1.0" encoding="UTF-8"?>
<!-- Generated by org.testng.reporters.JUnitXMLReporter -->
<testsuite ignored="0" hostname="DESKTOP-QQ2F0N4" failures="0" tests="6" name="Test" time="0.255" errors="0" timestamp="2022-09-21T10:31:41 GMT-07:00">
  <testcase classname="TestPack.VerifyLanguageSelectionOnBooksPage" name="@BeforeTest openBrowser" time="-1.663781501167E9">
    <failure type="org.testng.TestNGException" message="
Can inject only one of &amp;lt;ITestContext, XmlTest&amp;gt; into a @BeforeTest annotated openBrowser.
For more information on native dependency injection please refer to https://testng.org/doc/documentation-main.html#native-dependency-injection">
      <![CDATA[org.testng.TestNGException: 
Can inject only one of <ITestContext, XmlTest> into a @BeforeTest annotated openBrowser.
For more information on native dependency injection please refer to https://testng.org/doc/documentation-main.html#native-dependency-injection
... Removed 21 stack frames]]>
    </failure>
  </testcase> <!-- @BeforeTest openBrowser -->
  <testcase classname="TestPack.VerifyLanguageSelectionOnBooksPage" name="@BeforeClass createPOMObjects" time="-1.663781501222E9">
    <skipped/>
  </testcase> <!-- @BeforeClass createPOMObjects -->
  <testcase classname="TestPack.VerifyLanguageSelectionOnBooksPage" name="@BeforeMethod openAmazonApp" time="-1.663781501254E9">
    <skipped/>
  </testcase> <!-- @BeforeMethod openAmazonApp -->
  <testcase classname="TestPack.VerifyLanguageSelectionOnBooksPage" name="@BeforeMethod openAmazonApp" time="-1.663781501275E9">
    <skipped/>
  </testcase> <!-- @BeforeMethod openAmazonApp -->
  <testcase classname="TestPack.VerifyLanguageSelectionOnBooksPage" name="@BeforeMethod openAmazonApp" time="-1.663781501289E9">
    <skipped/>
  </testcase> <!-- @BeforeMethod openAmazonApp -->
  <testcase classname="TestPack.VerifyLanguageSelectionOnBooksPage" name="@AfterClass CloseBrawser" time="-1.663781501319E9">
    <skipped/>
  </testcase> <!-- @AfterClass CloseBrawser -->
  <testcase classname="TestPack.VerifyTestCasesOnMobileAndAccePage" name="@BeforeClass openBrowser" time="-1.663781501322E9">
    <skipped/>
  </testcase> <!-- @BeforeClass openBrowser -->
  <testcase classname="TestPack.VerifyTestCasesOnMobileAndAccePage" name="@BeforeMethod openMobilesAndAccePage" time="-1.663781501326E9">
    <skipped/>
  </testcase> <!-- @BeforeMethod openMobilesAndAccePage -->
  <testcase classname="TestPack.VerifyTestCasesOnMobileAndAccePage" name="@AfterClass closeBrowser" time="-1.663781501337E9">
    <skipped/>
  </testcase> <!-- @AfterClass closeBrowser -->
  <testcase classname="TestPack.VerifyServicePage" name="@BeforeClass openBrowser" time="-1.663781501342E9">
    <skipped/>
  </testcase> <!-- @BeforeClass openBrowser -->
  <testcase classname="TestPack.VerifyServicePage" name="@BeforeMethod openMobilesAndAccePage" time="-1.663781501348E9">
    <skipped/>
  </testcase> <!-- @BeforeMethod openMobilesAndAccePage -->
  <testcase classname="TestPack.VerifyServicePage" name="@BeforeMethod openMobilesAndAccePage" time="-1.663781501373E9">
    <skipped/>
  </testcase> <!-- @BeforeMethod openMobilesAndAccePage -->
  <testcase classname="TestPack.VerifyServicePage" name="@AfterClass closeBrowser" time="-1.663781501401E9">
    <skipped/>
  </testcase> <!-- @AfterClass closeBrowser -->
  <testcase classname="TestPack.VerifyLanguageSelectionOnBooksPage" name="VerifyEUCanSelectMarathiBooks" time="0.0">
    <skipped/>
  </testcase> <!-- VerifyEUCanSelectMarathiBooks -->
  <testcase classname="TestPack.VerifyLanguageSelectionOnBooksPage" name="VerifyEUCanSelectHindiBooks" time="0.0">
    <skipped/>
  </testcase> <!-- VerifyEUCanSelectHindiBooks -->
  <testcase classname="TestPack.VerifyLanguageSelectionOnBooksPage" name="VerifyEUCanSelectEnglishBooks" time="0.0">
    <skipped/>
  </testcase> <!-- VerifyEUCanSelectEnglishBooks -->
  <testcase classname="TestPack.VerifyTestCasesOnMobileAndAccePage" name="VerifyEUCanClickOnCablesField" time="0.0">
    <skipped/>
  </testcase> <!-- VerifyEUCanClickOnCablesField -->
  <testcase classname="TestPack.VerifyServicePage" name="VerifyEUCanClickOnRefund" time="0.0">
    <skipped/>
  </testcase> <!-- VerifyEUCanClickOnRefund -->
  <testcase classname="TestPack.VerifyServicePage" name="VerifyEUCanClickOnYourOrder" time="0.0">
    <skipped/>
  </testcase> <!-- VerifyEUCanClickOnYourOrder -->
</testsuite> <!-- Test -->
