<?xml version="1.0" encoding="UTF-8"?>
<!-- Generated by org.testng.reporters.JUnitXMLReporter -->
<testsuite ignored="0" hostname="DESKTOP-QQ2F0N4" failures="0" tests="6" name="chromeTest" time="138.969" errors="0" timestamp="2022-09-29T11:28:45 GMT-07:00">
  <testcase classname="TestPack.VerifyServicePage" name="VerifyEUCanClickOnRefund" time="7.487"/>
  <testcase classname="TestPack.VerifyServicePage" name="VerifyEUCanClickOnYourOrder" time="2.373"/>
  <testcase classname="TestPack.VerifyLanguageSelectionOnBooksPage" name="VerifyEUCanSelectMarathiBooks" time="4.465"/>
  <testcase classname="TestPack.VerifyLanguageSelectionOnBooksPage" name="VerifyEUCanSelectHindiBooks" time="6.079"/>
  <testcase classname="TestPack.VerifyLanguageSelectionOnBooksPage" name="VerifyEUCanSelectEnglishBooks" time="6.123"/>
  <testcase classname="TestPack.VerifyTestCasesOnMobileAndAccePage" name="VerifyEUCanClickOnCablesField" time="5.652"/>
</testsuite> <!-- chromeTest -->
