<?xml version="1.0" encoding="UTF-8"?>
<!-- Generated by org.testng.reporters.JUnitXMLReporter -->
<testsuite ignored="0" hostname="DESKTOP-QQ2F0N4" failures="0" tests="6" name="FirefoxTest" time="104.904" errors="0" timestamp="2022-09-26T21:59:38 GMT-07:00">
  <testcase classname="TestPack.VerifyServicePage" name="VerifyEUCanClickOnRefund" time="6.58"/>
  <testcase classname="TestPack.VerifyServicePage" name="VerifyEUCanClickOnYourOrder" time="3.009"/>
  <testcase classname="TestPack.VerifyTestCasesOnMobileAndAccePage" name="VerifyEUCanClickOnCablesField" time="5.749"/>
  <testcase classname="TestPack.VerifyLanguageSelectionOnBooksPage" name="VerifyEUCanSelectMarathiBooks" time="2.94"/>
  <testcase classname="TestPack.VerifyLanguageSelectionOnBooksPage" name="VerifyEUCanSelectHindiBooks" time="3.179"/>
  <testcase classname="TestPack.VerifyLanguageSelectionOnBooksPage" name="VerifyEUCanSelectEnglishBooks" time="2.719"/>
</testsuite> <!-- FirefoxTest -->
